[0.550s] Invoking command in '/home/risc/rov/src/image_processor_pkg': PYTHONPATH=/home/risc/rov/src/image_processor_pkg/build/image_processor_pkg/prefix_override:/usr/lib/python3/dist-packages/colcon_core/task/python/colcon_distutils_commands:/home/risc/rov/src/image_processor_pkg/install/image_processor_pkg/lib/python3.10/site-packages:${PYTHONPATH} /usr/bin/python3 -W ignore:setup.py install is deprecated setup.py egg_info --egg-base build/image_processor_pkg build --build-base /home/risc/rov/src/image_processor_pkg/build/image_processor_pkg/build install --record /home/risc/rov/src/image_processor_pkg/build/image_processor_pkg/install.log --single-version-externally-managed install_data
[0.763s] running egg_info
[0.763s] creating build/image_processor_pkg/image_processor_pkg.egg-info
[0.763s] writing build/image_processor_pkg/image_processor_pkg.egg-info/PKG-INFO
[0.764s] writing dependency_links to build/image_processor_pkg/image_processor_pkg.egg-info/dependency_links.txt
[0.764s] writing entry points to build/image_processor_pkg/image_processor_pkg.egg-info/entry_points.txt
[0.764s] writing requirements to build/image_processor_pkg/image_processor_pkg.egg-info/requires.txt
[0.764s] writing top-level names to build/image_processor_pkg/image_processor_pkg.egg-info/top_level.txt
[0.764s] writing manifest file 'build/image_processor_pkg/image_processor_pkg.egg-info/SOURCES.txt'
[0.765s] reading manifest file 'build/image_processor_pkg/image_processor_pkg.egg-info/SOURCES.txt'
[0.766s] writing manifest file 'build/image_processor_pkg/image_processor_pkg.egg-info/SOURCES.txt'
[0.766s] running build
[0.766s] running build_py
[0.766s] creating /home/risc/rov/src/image_processor_pkg/build/image_processor_pkg/build
[0.766s] creating /home/risc/rov/src/image_processor_pkg/build/image_processor_pkg/build/lib
[0.766s] creating /home/risc/rov/src/image_processor_pkg/build/image_processor_pkg/build/lib/image_processor_pkg
[0.766s] copying image_processor_pkg/image_processor.py -> /home/risc/rov/src/image_processor_pkg/build/image_processor_pkg/build/lib/image_processor_pkg
[0.767s] copying image_processor_pkg/__init__.py -> /home/risc/rov/src/image_processor_pkg/build/image_processor_pkg/build/lib/image_processor_pkg
[0.767s] running install
[0.767s] running install_lib
[0.767s] creating /home/risc/rov/src/image_processor_pkg/install/image_processor_pkg/lib/python3.10/site-packages/image_processor_pkg
[0.767s] copying /home/risc/rov/src/image_processor_pkg/build/image_processor_pkg/build/lib/image_processor_pkg/image_processor.py -> /home/risc/rov/src/image_processor_pkg/install/image_processor_pkg/lib/python3.10/site-packages/image_processor_pkg
[0.768s] copying /home/risc/rov/src/image_processor_pkg/build/image_processor_pkg/build/lib/image_processor_pkg/__init__.py -> /home/risc/rov/src/image_processor_pkg/install/image_processor_pkg/lib/python3.10/site-packages/image_processor_pkg
[0.768s] byte-compiling /home/risc/rov/src/image_processor_pkg/install/image_processor_pkg/lib/python3.10/site-packages/image_processor_pkg/image_processor.py to image_processor.cpython-310.pyc
[0.769s] byte-compiling /home/risc/rov/src/image_processor_pkg/install/image_processor_pkg/lib/python3.10/site-packages/image_processor_pkg/__init__.py to __init__.cpython-310.pyc
[0.769s] running install_data
[0.769s] creating /home/risc/rov/src/image_processor_pkg/install/image_processor_pkg/share/ament_index
[0.769s] creating /home/risc/rov/src/image_processor_pkg/install/image_processor_pkg/share/ament_index/resource_index
[0.769s] creating /home/risc/rov/src/image_processor_pkg/install/image_processor_pkg/share/ament_index/resource_index/packages
[0.769s] copying resource/image_processor_pkg -> /home/risc/rov/src/image_processor_pkg/install/image_processor_pkg/share/ament_index/resource_index/packages
[0.769s] copying package.xml -> /home/risc/rov/src/image_processor_pkg/install/image_processor_pkg/share/image_processor_pkg
[0.769s] running install_egg_info
[0.770s] Copying build/image_processor_pkg/image_processor_pkg.egg-info to /home/risc/rov/src/image_processor_pkg/install/image_processor_pkg/lib/python3.10/site-packages/image_processor_pkg-0.0.0-py3.10.egg-info
[0.771s] running install_scripts
[0.787s] Installing image_processor script to /home/risc/rov/src/image_processor_pkg/install/image_processor_pkg/lib/image_processor_pkg
[0.788s] writing list of installed files to '/home/risc/rov/src/image_processor_pkg/build/image_processor_pkg/install.log'
[0.806s] Invoked command in '/home/risc/rov/src/image_processor_pkg' returned '0': PYTHONPATH=/home/risc/rov/src/image_processor_pkg/build/image_processor_pkg/prefix_override:/usr/lib/python3/dist-packages/colcon_core/task/python/colcon_distutils_commands:/home/risc/rov/src/image_processor_pkg/install/image_processor_pkg/lib/python3.10/site-packages:${PYTHONPATH} /usr/bin/python3 -W ignore:setup.py install is deprecated setup.py egg_info --egg-base build/image_processor_pkg build --build-base /home/risc/rov/src/image_processor_pkg/build/image_processor_pkg/build install --record /home/risc/rov/src/image_processor_pkg/build/image_processor_pkg/install.log --single-version-externally-managed install_data
