/home/risc/rov/src/image_processor_pkg/install/image_processor_pkg/lib/python3.10/site-packages/image_processor_pkg/test2.py
/home/risc/rov/src/image_processor_pkg/install/image_processor_pkg/lib/python3.10/site-packages/image_processor_pkg/__init__.py
/home/risc/rov/src/image_processor_pkg/install/image_processor_pkg/lib/python3.10/site-packages/image_processor_pkg/play.py
/home/risc/rov/src/image_processor_pkg/install/image_processor_pkg/lib/python3.10/site-packages/image_processor_pkg/image_processor_old.py
/home/risc/rov/src/image_processor_pkg/install/image_processor_pkg/lib/python3.10/site-packages/image_processor_pkg/image_processor.py
/home/risc/rov/src/image_processor_pkg/install/image_processor_pkg/lib/python3.10/site-packages/image_processor_pkg/AvoidNet/train_mobilenet.py
/home/risc/rov/src/image_processor_pkg/install/image_processor_pkg/lib/python3.10/site-packages/image_processor_pkg/AvoidNet/logger_viz.py
/home/risc/rov/src/image_processor_pkg/install/image_processor_pkg/lib/python3.10/site-packages/image_processor_pkg/AvoidNet/draw_obsticle.py
/home/risc/rov/src/image_processor_pkg/install/image_processor_pkg/lib/python3.10/site-packages/image_processor_pkg/AvoidNet/PID_control.py
/home/risc/rov/src/image_processor_pkg/install/image_processor_pkg/lib/python3.10/site-packages/image_processor_pkg/AvoidNet/train.py
/home/risc/rov/src/image_processor_pkg/install/image_processor_pkg/lib/python3.10/site-packages/image_processor_pkg/AvoidNet/run_model.py
/home/risc/rov/src/image_processor_pkg/install/image_processor_pkg/lib/python3.10/site-packages/image_processor_pkg/AvoidNet/trajectory.py
/home/risc/rov/src/image_processor_pkg/install/image_processor_pkg/lib/python3.10/site-packages/image_processor_pkg/AvoidNet/__init__.py
/home/risc/rov/src/image_processor_pkg/install/image_processor_pkg/lib/python3.10/site-packages/image_processor_pkg/AvoidNet/dataset.py
/home/risc/rov/src/image_processor_pkg/install/image_processor_pkg/lib/python3.10/site-packages/image_processor_pkg/AvoidNet/visualize.py
/home/risc/rov/src/image_processor_pkg/install/image_processor_pkg/lib/python3.10/site-packages/image_processor_pkg/AvoidNet/test.py
/home/risc/rov/src/image_processor_pkg/install/image_processor_pkg/lib/python3.10/site-packages/image_processor_pkg/AvoidNet/generate_grid.py
/home/risc/rov/src/image_processor_pkg/install/image_processor_pkg/lib/python3.10/site-packages/image_processor_pkg/AvoidNet/avoid_net.py
/home/risc/rov/src/image_processor_pkg/install/image_processor_pkg/lib/python3.10/site-packages/image_processor_pkg/AvoidNet/test_on_pi.py
/home/risc/rov/src/image_processor_pkg/install/image_processor_pkg/lib/python3.10/site-packages/image_processor_pkg/__pycache__/test2.cpython-310.pyc
/home/risc/rov/src/image_processor_pkg/install/image_processor_pkg/lib/python3.10/site-packages/image_processor_pkg/__pycache__/__init__.cpython-310.pyc
/home/risc/rov/src/image_processor_pkg/install/image_processor_pkg/lib/python3.10/site-packages/image_processor_pkg/__pycache__/play.cpython-310.pyc
/home/risc/rov/src/image_processor_pkg/install/image_processor_pkg/lib/python3.10/site-packages/image_processor_pkg/__pycache__/image_processor_old.cpython-310.pyc
/home/risc/rov/src/image_processor_pkg/install/image_processor_pkg/lib/python3.10/site-packages/image_processor_pkg/__pycache__/image_processor.cpython-310.pyc
/home/risc/rov/src/image_processor_pkg/install/image_processor_pkg/lib/python3.10/site-packages/image_processor_pkg/AvoidNet/__pycache__/train_mobilenet.cpython-310.pyc
/home/risc/rov/src/image_processor_pkg/install/image_processor_pkg/lib/python3.10/site-packages/image_processor_pkg/AvoidNet/__pycache__/logger_viz.cpython-310.pyc
/home/risc/rov/src/image_processor_pkg/install/image_processor_pkg/lib/python3.10/site-packages/image_processor_pkg/AvoidNet/__pycache__/draw_obsticle.cpython-310.pyc
/home/risc/rov/src/image_processor_pkg/install/image_processor_pkg/lib/python3.10/site-packages/image_processor_pkg/AvoidNet/__pycache__/PID_control.cpython-310.pyc
/home/risc/rov/src/image_processor_pkg/install/image_processor_pkg/lib/python3.10/site-packages/image_processor_pkg/AvoidNet/__pycache__/train.cpython-310.pyc
/home/risc/rov/src/image_processor_pkg/install/image_processor_pkg/lib/python3.10/site-packages/image_processor_pkg/AvoidNet/__pycache__/run_model.cpython-310.pyc
/home/risc/rov/src/image_processor_pkg/install/image_processor_pkg/lib/python3.10/site-packages/image_processor_pkg/AvoidNet/__pycache__/trajectory.cpython-310.pyc
/home/risc/rov/src/image_processor_pkg/install/image_processor_pkg/lib/python3.10/site-packages/image_processor_pkg/AvoidNet/__pycache__/__init__.cpython-310.pyc
/home/risc/rov/src/image_processor_pkg/install/image_processor_pkg/lib/python3.10/site-packages/image_processor_pkg/AvoidNet/__pycache__/dataset.cpython-310.pyc
/home/risc/rov/src/image_processor_pkg/install/image_processor_pkg/lib/python3.10/site-packages/image_processor_pkg/AvoidNet/__pycache__/visualize.cpython-310.pyc
/home/risc/rov/src/image_processor_pkg/install/image_processor_pkg/lib/python3.10/site-packages/image_processor_pkg/AvoidNet/__pycache__/test.cpython-310.pyc
/home/risc/rov/src/image_processor_pkg/install/image_processor_pkg/lib/python3.10/site-packages/image_processor_pkg/AvoidNet/__pycache__/generate_grid.cpython-310.pyc
/home/risc/rov/src/image_processor_pkg/install/image_processor_pkg/lib/python3.10/site-packages/image_processor_pkg/AvoidNet/__pycache__/avoid_net.cpython-310.pyc
/home/risc/rov/src/image_processor_pkg/install/image_processor_pkg/lib/python3.10/site-packages/image_processor_pkg/AvoidNet/__pycache__/test_on_pi.cpython-310.pyc
/home/risc/rov/src/image_processor_pkg/install/image_processor_pkg/share/ament_index/resource_index/packages/image_processor_pkg
/home/risc/rov/src/image_processor_pkg/install/image_processor_pkg/share/image_processor_pkg/package.xml
/home/risc/rov/src/image_processor_pkg/install/image_processor_pkg/share/image_processor_pkg/models/ImageReducer_bounded_grayscale_run_2.pth
/home/risc/rov/src/image_processor_pkg/install/image_processor_pkg/lib/python3.10/site-packages/image_processor_pkg-0.0.0-py3.10.egg-info/requires.txt
/home/risc/rov/src/image_processor_pkg/install/image_processor_pkg/lib/python3.10/site-packages/image_processor_pkg-0.0.0-py3.10.egg-info/dependency_links.txt
/home/risc/rov/src/image_processor_pkg/install/image_processor_pkg/lib/python3.10/site-packages/image_processor_pkg-0.0.0-py3.10.egg-info/entry_points.txt
/home/risc/rov/src/image_processor_pkg/install/image_processor_pkg/lib/python3.10/site-packages/image_processor_pkg-0.0.0-py3.10.egg-info/SOURCES.txt
/home/risc/rov/src/image_processor_pkg/install/image_processor_pkg/lib/python3.10/site-packages/image_processor_pkg-0.0.0-py3.10.egg-info/PKG-INFO
/home/risc/rov/src/image_processor_pkg/install/image_processor_pkg/lib/python3.10/site-packages/image_processor_pkg-0.0.0-py3.10.egg-info/top_level.txt
/home/risc/rov/src/image_processor_pkg/install/image_processor_pkg/lib/python3.10/site-packages/image_processor_pkg-0.0.0-py3.10.egg-info/zip-safe
/home/risc/rov/src/image_processor_pkg/install/image_processor_pkg/lib/image_processor_pkg/image_processor
